This file contains any messages produced by compilers while
running configure, to aid debugging if configure makes a mistake.

It was created by configure, which was
generated by GNU Autoconf 2.69.  Invocation command line was

  $ ./configure 

## --------- ##
## Platform. ##
## --------- ##

hostname = acf77e4b9141
uname -m = x86_64
uname -r = 5.0.0-38-generic
uname -s = Linux
uname -v = #41-Ubuntu SMP Tue Dec 3 00:27:35 UTC 2019

/usr/bin/uname -p = x86_64
/bin/uname -X     = unknown

/bin/arch              = x86_64
/usr/bin/arch -k       = unknown
/usr/convex/getsysinfo = unknown
/usr/bin/hostinfo      = unknown
/bin/machine           = unknown
/usr/bin/oslevel       = unknown
/bin/universe          = unknown

PATH: /home/laradock/.yarn/bin
PATH: /home/laradock/.nvm/versions/node/v16.9.1/bin
PATH: /root/.composer/vendor/bin
PATH: /usr/local/sbin
PATH: /usr/local/bin
PATH: /usr/sbin
PATH: /usr/bin
PATH: /sbin
PATH: /bin
PATH: /var/www/vendor/bin


## ----------- ##
## Core tests. ##
## ----------- ##

configure:2133: checking for grep that handles long lines and -e
configure:2191: result: /usr/bin/grep
configure:2196: checking for egrep
configure:2258: result: /usr/bin/grep -E
configure:2263: checking for a sed that does not truncate output
configure:2327: result: /usr/bin/sed
configure:2466: checking for pkg-config
configure:2484: found /usr/bin/pkg-config
configure:2496: result: /usr/bin/pkg-config
configure:2521: checking pkg-config is at least version 0.9.0
configure:2524: result: yes
configure:2586: checking for cc
configure:2602: found /usr/bin/cc
configure:2613: result: cc
configure:2644: checking for C compiler version
configure:2653: cc --version >&5
cc (Ubuntu 9.3.0-17ubuntu1~20.04) 9.3.0
Copyright (C) 2019 Free Software Foundation, Inc.
This is free software; see the source for copying conditions.  There is NO
warranty; not even for MERCHANTABILITY or FITNESS FOR A PARTICULAR PURPOSE.

configure:2664: $? = 0
configure:2653: cc -v >&5
Using built-in specs.
COLLECT_GCC=cc
COLLECT_LTO_WRAPPER=/usr/lib/gcc/x86_64-linux-gnu/9/lto-wrapper
OFFLOAD_TARGET_NAMES=nvptx-none:hsa
OFFLOAD_TARGET_DEFAULT=1
Target: x86_64-linux-gnu
Configured with: ../src/configure -v --with-pkgversion='Ubuntu 9.3.0-17ubuntu1~20.04' --with-bugurl=file:///usr/share/doc/gcc-9/README.Bugs --enable-languages=c,ada,c++,go,brig,d,fortran,objc,obj-c++,gm2 --prefix=/usr --with-gcc-major-version-only --program-suffix=-9 --program-prefix=x86_64-linux-gnu- --enable-shared --enable-linker-build-id --libexecdir=/usr/lib --without-included-gettext --enable-threads=posix --libdir=/usr/lib --enable-nls --enable-clocale=gnu --enable-libstdcxx-debug --enable-libstdcxx-time=yes --with-default-libstdcxx-abi=new --enable-gnu-unique-object --disable-vtable-verify --enable-plugin --enable-default-pie --with-system-zlib --with-target-system-zlib=auto --enable-objc-gc=auto --enable-multiarch --disable-werror --with-arch-32=i686 --with-abi=m64 --with-multilib-list=m32,m64,mx32 --enable-multilib --with-tune=generic --enable-offload-targets=nvptx-none=/build/gcc-9-HskZEa/gcc-9-9.3.0/debian/tmp-nvptx/usr,hsa --without-cuda-driver --enable-checking=release --build=x86_64-linux-gnu --host=x86_64-linux-gnu --target=x86_64-linux-gnu
Thread model: posix
gcc version 9.3.0 (Ubuntu 9.3.0-17ubuntu1~20.04) 
configure:2664: $? = 0
configure:2653: cc -V >&5
cc: error: unrecognized command line option '-V'
cc: fatal error: no input files
compilation terminated.
configure:2664: $? = 1
configure:2653: cc -qversion >&5
cc: error: unrecognized command line option '-qversion'; did you mean '--version'?
cc: fatal error: no input files
compilation terminated.
configure:2664: $? = 1
configure:2684: checking whether the C compiler works
configure:2706: cc    conftest.c  >&5
configure:2710: $? = 0
configure:2758: result: yes
configure:2761: checking for C compiler default output file name
configure:2763: result: a.out
configure:2769: checking for suffix of executables
configure:2776: cc -o conftest    conftest.c  >&5
configure:2780: $? = 0
configure:2802: result: 
configure:2824: checking whether we are cross compiling
configure:2832: cc -o conftest    conftest.c  >&5
configure:2836: $? = 0
configure:2843: ./conftest
configure:2847: $? = 0
configure:2835: result: no
configure:2840: checking for suffix of object files
configure:2862: cc -c   conftest.c >&5
configure:2866: $? = 0
configure:2887: result: o
configure:2891: checking whether we are using the GNU C compiler
configure:2910: cc -c   conftest.c >&5
configure:2910: $? = 0
configure:2919: result: yes
configure:2928: checking whether cc accepts -g
configure:2948: cc -c -g  conftest.c >&5
configure:2948: $? = 0
configure:2989: result: yes
configure:3006: checking for cc option to accept ISO C89
configure:3069: cc  -c -g -O2  conftest.c >&5
configure:3069: $? = 0
configure:3082: result: none needed
configure:3108: checking how to run the C preprocessor
configure:3139: cc -E  conftest.c
configure:3139: $? = 0
configure:3153: cc -E  conftest.c
conftest.c:9:10: fatal error: ac_nonexistent.h: No such file or directory
    9 | #include <ac_nonexistent.h>
      |          ^~~~~~~~~~~~~~~~~~
compilation terminated.
configure:3153: $? = 1
configure: failed program was:
| /* confdefs.h */
| #define PACKAGE_NAME ""
| #define PACKAGE_TARNAME ""
| #define PACKAGE_VERSION ""
| #define PACKAGE_STRING ""
| #define PACKAGE_BUGREPORT ""
| #define PACKAGE_URL ""
| /* end confdefs.h.  */
| #include <ac_nonexistent.h>
configure:3178: result: cc -E
configure:3198: cc -E  conftest.c
configure:3198: $? = 0
configure:3212: cc -E  conftest.c
conftest.c:9:10: fatal error: ac_nonexistent.h: No such file or directory
    9 | #include <ac_nonexistent.h>
      |          ^~~~~~~~~~~~~~~~~~
compilation terminated.
configure:3212: $? = 1
configure: failed program was:
| /* confdefs.h */
| #define PACKAGE_NAME ""
| #define PACKAGE_TARNAME ""
| #define PACKAGE_VERSION ""
| #define PACKAGE_STRING ""
| #define PACKAGE_BUGREPORT ""
| #define PACKAGE_URL ""
| /* end confdefs.h.  */
| #include <ac_nonexistent.h>
configure:3243: checking for icc
configure:3252: result: no
configure:3266: checking for suncc
configure:3275: result: no
configure:3293: checking for system library directory
configure:3308: result: lib
configure:3315: checking if compiler supports -R
configure:3334: cc -o conftest -g -O2   conftest.c -R /usr/lib  >&5
cc: error: unrecognized command line option '-R'
configure:3334: $? = 1
configure: failed program was:
| /* confdefs.h */
| #define PACKAGE_NAME ""
| #define PACKAGE_TARNAME ""
| #define PACKAGE_VERSION ""
| #define PACKAGE_STRING ""
| #define PACKAGE_BUGREPORT ""
| #define PACKAGE_URL ""
| /* end confdefs.h.  */
| 
| int
| main ()
| {
| 
|   ;
|   return 0;
| }
configure:3344: result: no
configure:3349: checking if compiler supports -Wl,-rpath,
configure:3368: cc -o conftest -g -O2   conftest.c -Wl,-rpath,/usr/lib  >&5
configure:3368: $? = 0
configure:3378: result: yes
configure:3394: checking build system type
configure:3408: result: x86_64-pc-linux-gnu
configure:3428: checking host system type
configure:3441: result: x86_64-pc-linux-gnu
configure:3461: checking target system type
configure:3474: result: x86_64-pc-linux-gnu
configure:3577: checking for PHP prefix
configure:3579: result: /usr
configure:3581: checking for PHP includes
configure:3583: result: -I/usr/include/php/20190902 -I/usr/include/php/20190902/main -I/usr/include/php/20190902/TSRM -I/usr/include/php/20190902/Zend -I/usr/include/php/20190902/ext -I/usr/include/php/20190902/ext/date/lib
configure:3585: checking for PHP extension directory
configure:3587: result: /usr/lib/php/20190902
configure:3589: checking for PHP installed headers prefix
configure:3591: result: /usr/include/php/20190902
configure:3594: checking if debug is enabled
configure:3620: result: no
configure:3623: checking if zts is enabled
configure:3649: result: no
configure:3717: checking for gawk
configure:3748: result: no
configure:3717: checking for nawk
configure:3734: found /usr/bin/nawk
configure:3745: result: nawk
configure:3768: checking if nawk is broken
configure:3775: result: no
configure:3788: checking whether to enable the imagick extension
configure:3828: result: yes, shared
configure:3884: checking for pkg-config
configure:3915: result: /usr/bin/pkg-config
configure:3933: checking ImageMagick MagickWand API configuration program
configure:3966: checking Testing /usr/local/bin/MagickWand-config
configure:3983: result: Doesn't exist
configure:3966: checking Testing /usr/bin/MagickWand-config
configure:3983: result: Doesn't exist
configure:3966: checking Testing /usr/sbin/bin/MagickWand-config
configure:3983: result: Doesn't exist
configure:3966: checking Testing /opt/bin/MagickWand-config
configure:3983: result: Doesn't exist
configure:3966: checking Testing /opt/local/bin/MagickWand-config
configure:3983: result: Doesn't exist
configure:3966: checking Testing /opt/homebrew/bin/MagickWand-config
configure:3983: result: Doesn't exist
configure:3994: error: not found. Please provide a path to MagickWand-config or Wand-config program.

## ---------------- ##
## Cache variables. ##
## ---------------- ##

ac_cv_build=x86_64-pc-linux-gnu
ac_cv_c_compiler_gnu=yes
ac_cv_env_CC_set=
ac_cv_env_CC_value=
ac_cv_env_CFLAGS_set=
ac_cv_env_CFLAGS_value=
ac_cv_env_CPPFLAGS_set=
ac_cv_env_CPPFLAGS_value=
ac_cv_env_CPP_set=
ac_cv_env_CPP_value=
ac_cv_env_LDFLAGS_set=
ac_cv_env_LDFLAGS_value=
ac_cv_env_LIBS_set=
ac_cv_env_LIBS_value=
ac_cv_env_LT_SYS_LIBRARY_PATH_set=
ac_cv_env_LT_SYS_LIBRARY_PATH_value=
ac_cv_env_PKG_CONFIG_LIBDIR_set=
ac_cv_env_PKG_CONFIG_LIBDIR_value=
ac_cv_env_PKG_CONFIG_PATH_set=
ac_cv_env_PKG_CONFIG_PATH_value=
ac_cv_env_PKG_CONFIG_set=
ac_cv_env_PKG_CONFIG_value=
ac_cv_env_build_alias_set=
ac_cv_env_build_alias_value=
ac_cv_env_host_alias_set=
ac_cv_env_host_alias_value=
ac_cv_env_target_alias_set=
ac_cv_env_target_alias_value=
ac_cv_host=x86_64-pc-linux-gnu
ac_cv_objext=o
ac_cv_path_EGREP='/usr/bin/grep -E'
ac_cv_path_GREP=/usr/bin/grep
ac_cv_path_PKG_CONFIG=/usr/bin/pkg-config
ac_cv_path_SED=/usr/bin/sed
ac_cv_path_ac_pt_PKG_CONFIG=/usr/bin/pkg-config
ac_cv_prog_AWK=nawk
ac_cv_prog_CPP='cc -E'
ac_cv_prog_ac_ct_CC=cc
ac_cv_prog_cc_c89=
ac_cv_prog_cc_g=yes
ac_cv_target=x86_64-pc-linux-gnu
php_cv_cc_dashr=no
php_cv_cc_rpath=yes

## ----------------- ##
## Output variables. ##
## ----------------- ##

AR=''
AWK='nawk'
CC='cc'
CFLAGS='-g -O2'
CONFIGURE_COMMAND=' '\''./configure'\'' '
CONFIGURE_OPTIONS=''
CPP='cc -E'
CPPFLAGS=''
DEFS=''
DLLTOOL=''
DSYMUTIL=''
DUMPBIN=''
ECHO_C=''
ECHO_N='-n'
ECHO_T=''
EGREP='/usr/bin/grep -E'
EXEEXT=''
FGREP=''
GREP='/usr/bin/grep'
LD=''
LDFLAGS=''
LIBOBJS=''
LIBS=''
LIBTOOL=''
LIPO=''
LN_S=''
LTLIBOBJS=''
LT_SYS_LIBRARY_PATH=''
MANIFEST_TOOL=''
NM=''
NMEDIT=''
OBJDUMP=''
OBJEXT='o'
OTOOL64=''
OTOOL=''
PACKAGE_BUGREPORT=''
PACKAGE_NAME=''
PACKAGE_STRING=''
PACKAGE_TARNAME=''
PACKAGE_URL=''
PACKAGE_VERSION=''
PATH_SEPARATOR=':'
PKG_CONFIG='/usr/bin/pkg-config'
PKG_CONFIG_LIBDIR=''
PKG_CONFIG_PATH=''
RANLIB=''
SED='/usr/bin/sed'
SHELL='/bin/bash'
SHLIB_DL_SUFFIX_NAME='so'
SHLIB_SUFFIX_NAME='so'
STRIP=''
ac_ct_AR=''
ac_ct_CC='cc'
ac_ct_DUMPBIN=''
bindir='${exec_prefix}/bin'
build='x86_64-pc-linux-gnu'
build_alias=''
build_cpu='x86_64'
build_os='linux-gnu'
build_vendor='pc'
datadir='${datarootdir}'
datarootdir='${prefix}/share'
docdir='${datarootdir}/doc/${PACKAGE}'
dvidir='${docdir}'
exec_prefix='NONE'
host='x86_64-pc-linux-gnu'
host_alias='x86_64-pc-linux-gnu'
host_cpu='x86_64'
host_os='linux-gnu'
host_vendor='pc'
htmldir='${docdir}'
includedir='${prefix}/include'
infodir='${datarootdir}/info'
libdir='${exec_prefix}/lib'
libexecdir='${exec_prefix}/libexec'
localedir='${datarootdir}/locale'
localstatedir='${prefix}/var'
mandir='${datarootdir}/man'
oldincludedir='/usr/include'
pdfdir='${docdir}'
prefix='/usr'
program_transform_name='s,x,x,'
psdir='${docdir}'
runstatedir='${localstatedir}/run'
sbindir='${exec_prefix}/sbin'
sharedstatedir='${prefix}/com'
sysconfdir='${prefix}/etc'
target='x86_64-pc-linux-gnu'
target_alias=''
target_cpu='x86_64'
target_os='linux-gnu'
target_vendor='pc'

## ----------- ##
## confdefs.h. ##
## ----------- ##

/* confdefs.h */
#define PACKAGE_NAME ""
#define PACKAGE_TARNAME ""
#define PACKAGE_VERSION ""
#define PACKAGE_STRING ""
#define PACKAGE_BUGREPORT ""
#define PACKAGE_URL ""

configure: exit 1
